File 'cbmc_parse_options.h'
Lines executed:100.00% of 1
Creating 'cbmc_parse_options.h.gcov'

File '../util/parse_options.h'
Lines executed:100.00% of 1
Creating 'parse_options.h.gcov'

File '../util/message.h'
Lines executed:0.00% of 8
Creating 'message.h.gcov'

File '../util/irep.h'
Lines executed:0.00% of 1
Creating 'irep.h.gcov'

File '/usr/include/c++/4.8/bits/basic_ios.h'
Lines executed:0.00% of 1
Creating 'basic_ios.h.gcov'

File '/usr/include/c++/4.8/ext/new_allocator.h'
Lines executed:0.00% of 1
Creating 'new_allocator.h.gcov'

File '/usr/include/c++/4.8/bits/stl_tree.h'
Lines executed:0.00% of 12
Creating 'stl_tree.h.gcov'

File '/usr/include/c++/4.8/bits/stl_pair.h'
Lines executed:0.00% of 1
Creating 'stl_pair.h.gcov'

File '/usr/include/c++/4.8/bits/basic_string.h'
Lines executed:0.00% of 4
Creating 'basic_string.h.gcov'

File '../util/language_file.h'
Lines executed:0.00% of 2
Creating 'language_file.h.gcov'

File '/usr/include/c++/4.8/streambuf'
Lines executed:0.00% of 1
Creating 'streambuf.gcov'

File '/usr/include/c++/4.8/ostream'
Lines executed:0.00% of 1
Creating 'ostream.gcov'

File '/usr/include/c++/4.8/ext/atomicity.h'
No executable lines
Removing 'atomicity.h.gcov'

File '/usr/include/c++/4.8/bits/allocator.h'
No executable lines
Removing 'allocator.h.gcov'

File '/usr/include/c++/4.8/sstream'
Lines executed:0.00% of 1
Creating 'sstream.gcov'

File 'cbmc_main.cpp'
Lines executed:100.00% of 4
Creating 'cbmc_main.cpp.gcov'

File '../langapi/language_ui.h'
No executable lines
Removing 'language_ui.h.gcov'

File '../util/expr.h'
Lines executed:0.00% of 4
Creating 'expr.h.gcov'

File '/usr/include/c++/4.8/bits/stl_map.h'
Lines executed:0.00% of 1
Creating 'stl_map.h.gcov'

File '../util/source_location.h'
No executable lines
Removing 'source_location.h.gcov'

File '/usr/include/c++/4.8/bits/locale_facets.h'
Lines executed:0.00% of 10
Creating 'locale_facets.h.gcov'

